# JRE version: OpenJDK Runtime Environment (17.0.11) (build 17.0.11+0--11852314)
# Java VM: OpenJDK 64-Bit Server VM (17.0.11+0--11852314, mixed mode, tiered, compressed oops, compressed class ptrs, g1 gc, windows-amd64)
GC Precious Log:
 CPUs: 8 total, 8 available
 Memory: 16314M
 Large Page Support: Disabled
 NUMA Support: Disabled
 Compressed Oops: Enabled (32-bit)
 Heap Region Size: 1M
 Heap Min Capacity: 8M
 Heap Initial Capacity: 256M
 Heap Max Capacity: 2G
 Pre-touch: Disabled
 Parallel Workers: 8
 Concurrent Workers: 2
 Concurrent Refinement Workers: 8
 Periodic GC: Disabled
Heap:
 garbage-first heap   total 254976K, used 160096K [0x0000000080000000, 0x0000000100000000)
  region size 1024K, 32 young (32768K), 11 survivors (11264K)
 Metaspace       used 129829K, committed 130816K, reserved 1179648K
  class space    used 18289K, committed 18752K, reserved 1048576K
GC Heap History (20 events):
Event: 24.957 GC heap before
{Heap before GC invocations=65 (full 0):
 garbage-first heap   total 184320K, used 151582K [0x0000000080000000, 0x0000000100000000)
  region size 1024K, 46 young (47104K), 5 survivors (5120K)
 Metaspace       used 105414K, committed 106176K, reserved 1179648K
  class space    used 14675K, committed 15040K, reserved 1048576K
}
Event: 24.962 GC heap after
{Heap after GC invocations=66 (full 0):
 garbage-first heap   total 184320K, used 113111K [0x0000000080000000, 0x0000000100000000)
  region size 1024K, 5 young (5120K), 5 survivors (5120K)
 Metaspace       used 105414K, committed 106176K, reserved 1179648K
  class space    used 14675K, committed 15040K, reserved 1048576K
}
Event: 25.302 GC heap before
{Heap before GC invocations=67 (full 0):
 garbage-first heap   total 211968K, used 148951K [0x0000000080000000, 0x0000000100000000)
  region size 1024K, 41 young (41984K), 5 survivors (5120K)
 Metaspace       used 105717K, committed 106496K, reserved 1179648K
  class space    used 14735K, committed 15104K, reserved 1048576K
}
Event: 25.307 GC heap after
{Heap after GC invocations=68 (full 0):
 garbage-first heap   total 211968K, used 114589K [0x0000000080000000, 0x0000000100000000)
  region size 1024K, 4 young (4096K), 4 survivors (4096K)
 Metaspace       used 105717K, committed 106496K, reserved 1179648K
  class space    used 14735K, committed 15104K, reserved 1048576K
}
Event: 25.339 GC heap before
{Heap before GC invocations=68 (full 0):
 garbage-first heap   total 211968K, used 120733K [0x0000000080000000, 0x0000000100000000)
  region size 1024K, 10 young (10240K), 4 survivors (4096K)
 Metaspace       used 105717K, committed 106496K, reserved 1179648K
  class space    used 14735K, committed 15104K, reserved 1048576K
}
Event: 25.343 GC heap after
{Heap after GC invocations=69 (full 0):
 garbage-first heap   total 211968K, used 113590K [0x0000000080000000, 0x0000000100000000)
  region size 1024K, 2 young (2048K), 2 survivors (2048K)
 Metaspace       used 105717K, committed 106496K, reserved 1179648K
  class space    used 14735K, committed 15104K, reserved 1048576K
}
Event: 39.422 GC heap before
{Heap before GC invocations=69 (full 0):
 garbage-first heap   total 211968K, used 177078K [0x0000000080000000, 0x0000000100000000)
  region size 1024K, 60 young (61440K), 2 survivors (2048K)
 Metaspace       used 109871K, committed 110720K, reserved 1179648K
  class space    used 15260K, committed 15680K, reserved 1048576K
}
Event: 39.426 GC heap after
{Heap after GC invocations=70 (full 0):
 garbage-first heap   total 254976K, used 116816K [0x0000000080000000, 0x0000000100000000)
  region size 1024K, 5 young (5120K), 5 survivors (5120K)
 Metaspace       used 109871K, committed 110720K, reserved 1179648K
  class space    used 15260K, committed 15680K, reserved 1048576K
}
Event: 40.341 GC heap before
{Heap before GC invocations=70 (full 0):
 garbage-first heap   total 254976K, used 205904K [0x0000000080000000, 0x0000000100000000)
  region size 1024K, 93 young (95232K), 5 survivors (5120K)
 Metaspace       used 120819K, committed 121792K, reserved 1179648K
  class space    used 17052K, committed 17536K, reserved 1048576K
}
Event: 40.346 GC heap after
{Heap after GC invocations=71 (full 0):
 garbage-first heap   total 254976K, used 119784K [0x0000000080000000, 0x0000000100000000)
  region size 1024K, 8 young (8192K), 8 survivors (8192K)
 Metaspace       used 120819K, committed 121792K, reserved 1179648K
  class space    used 17052K, committed 17536K, reserved 1048576K
}
Event: 41.478 GC heap before
{Heap before GC invocations=71 (full 0):
 garbage-first heap   total 254976K, used 207848K [0x0000000080000000, 0x0000000100000000)
  region size 1024K, 84 young (86016K), 8 survivors (8192K)
 Metaspace       used 127146K, committed 128064K, reserved 1179648K
  class space    used 18043K, committed 18496K, reserved 1048576K
}
Event: 41.485 GC heap after
{Heap after GC invocations=72 (full 0):
 garbage-first heap   total 254976K, used 134095K [0x0000000080000000, 0x0000000100000000)
  region size 1024K, 6 young (6144K), 6 survivors (6144K)
 Metaspace       used 127146K, committed 128064K, reserved 1179648K
  class space    used 18043K, committed 18496K, reserved 1048576K
}
Event: 75.240 GC heap before
{Heap before GC invocations=73 (full 0):
 garbage-first heap   total 254976K, used 223183K [0x0000000080000000, 0x0000000100000000)
  region size 1024K, 84 young (86016K), 6 survivors (6144K)
 Metaspace       used 128592K, committed 129600K, reserved 1179648K
  class space    used 18225K, committed 18688K, reserved 1048576K
}
Event: 75.250 GC heap after
{Heap after GC invocations=74 (full 0):
 garbage-first heap   total 254976K, used 128492K [0x0000000080000000, 0x0000000100000000)
  region size 1024K, 11 young (11264K), 11 survivors (11264K)
 Metaspace       used 128592K, committed 129600K, reserved 1179648K
  class space    used 18225K, committed 18688K, reserved 1048576K
}
Event: 75.261 GC heap before
{Heap before GC invocations=74 (full 0):
 garbage-first heap   total 254976K, used 129516K [0x0000000080000000, 0x0000000100000000)
  region size 1024K, 12 young (12288K), 11 survivors (11264K)
 Metaspace       used 128597K, committed 129600K, reserved 1179648K
  class space    used 18225K, committed 18688K, reserved 1048576K
}
Event: 75.270 GC heap after
{Heap after GC invocations=75 (full 0):
 garbage-first heap   total 254976K, used 128413K [0x0000000080000000, 0x0000000100000000)
  region size 1024K, 2 young (2048K), 2 survivors (2048K)
 Metaspace       used 128597K, committed 129600K, reserved 1179648K
  class space    used 18225K, committed 18688K, reserved 1048576K
}
Event: 78.529 GC heap before
{Heap before GC invocations=75 (full 0):
 garbage-first heap   total 254976K, used 232861K [0x0000000080000000, 0x0000000100000000)
  region size 1024K, 84 young (86016K), 2 survivors (2048K)
 Metaspace       used 129262K, committed 130240K, reserved 1179648K
  class space    used 18257K, committed 18752K, reserved 1048576K
}
Event: 78.534 GC heap after
{Heap after GC invocations=76 (full 0):
 garbage-first heap   total 254976K, used 131649K [0x0000000080000000, 0x0000000100000000)
  region size 1024K, 5 young (5120K), 5 survivors (5120K)
 Metaspace       used 129262K, committed 130240K, reserved 1179648K
  class space    used 18257K, committed 18752K, reserved 1048576K
}
Event: 291.989 GC heap before
{Heap before GC invocations=76 (full 0):
 garbage-first heap   total 254976K, used 211521K [0x0000000080000000, 0x0000000100000000)
  region size 1024K, 84 young (86016K), 5 survivors (5120K)
 Metaspace       used 129741K, committed 130752K, reserved 1179648K
  class space    used 18281K, committed 18752K, reserved 1048576K
}
Event: 291.998 GC heap after
{Heap after GC invocations=77 (full 0):
 garbage-first heap   total 254976K, used 140640K [0x0000000080000000, 0x0000000100000000)
  region size 1024K, 11 young (11264K), 11 survivors (11264K)
 Metaspace       used 129741K, committed 130752K, reserved 1179648K
  class space    used 18281K, committed 18752K, reserved 1048576K
}

